11:47:16 INFO  : Launching XSDB server: xsdb.bat C:/Xilinx/SDK/2015.4/scripts/xsdb/xsdb/xsdb-server.tcl
11:47:19 INFO  : XSDB server has started successfully.
11:47:19 INFO  : Processing command line option -hwspec D:/svn/FPGA/AX7020/course_s3/06_lcd7/vivado/ts_an071_linux.sdk/system_wrapper.hdf.
19:22:00 INFO  : Launching XSDB server: xsdb.bat C:/Xilinx/SDK/2015.4/scripts/xsdb/xsdb/xsdb-server.tcl
19:22:01 INFO  : XSDB server has started successfully.
19:22:05 INFO  : Processing command line option -hwspec D:/svn/FPGA/AX7020/course_s3/06_lcd7/vivado/ts_an071_linux.sdk/system_wrapper.hdf.
19:22:05 INFO  : Checking for hwspec changes in the project system_wrapper_hw_platform_0.
02:56:52 INFO  : Launching XSDB server: xsdb -n /opt/Xilinx/SDK/2015.4/scripts/xsdb/xsdb/xsdb-server.tcl
02:56:53 INFO  : XSDB server has started successfully.
02:56:53 INFO  : Processing command line option -hwspec /home/work/06_lcd7/vivado/ts_an071_linux.sdk/system_wrapper.hdf.
00:03:39 INFO  : Launching XSDB server: xsdb -n /opt/Xilinx/SDK/2015.4/scripts/xsdb/xsdb/xsdb-server.tcl
00:03:40 INFO  : XSDB server has started successfully.
00:03:40 INFO  : Processing command line option -hwspec /home/work/06_lcd7/vivado/ts_an071_linux.sdk/system_wrapper.hdf.
00:03:41 INFO  : Checking for hwspec changes in the project system_wrapper_hw_platform_1.
03:59:44 INFO  : Launching XSDB server: xsdb -n /opt/Xilinx/SDK/2015.4/scripts/xsdb/xsdb/xsdb-server.tcl
03:59:46 INFO  : XSDB server has started successfully.
03:59:46 INFO  : Processing command line option -hwspec /home/work/06_lcd7/vivado/ts_an071_linux.sdk/system_wrapper.hdf.
03:59:46 INFO  : Checking for hwspec changes in the project system_wrapper_hw_platform_1.
23:02:16 INFO  : Launching XSDB server: xsdb -n /opt/Xilinx/SDK/2015.4/scripts/xsdb/xsdb/xsdb-server.tcl
23:02:18 INFO  : XSDB server has started successfully.
23:02:18 INFO  : Processing command line option -hwspec /home/work/06_lcd7/vivado/ts_an071_linux.sdk/system_wrapper.hdf.
23:02:18 INFO  : Checking for hwspec changes in the project system_wrapper_hw_platform_1.
19:12:28 INFO  : Launching XSDB server: xsdb -n /opt/Xilinx/SDK/2015.4/scripts/xsdb/xsdb/xsdb-server.tcl
19:12:30 INFO  : XSDB server has started successfully.
19:12:31 INFO  : Processing command line option -hwspec /home/work/06_lcd7/vivado/ts_an071_linux.sdk/system_wrapper.hdf.
19:12:32 INFO  : Checking for hwspec changes in the project system_wrapper_hw_platform_1.
17:51:05 INFO  : Launching XSDB server: xsdb -n /opt/Xilinx/SDK/2015.4/scripts/xsdb/xsdb/xsdb-server.tcl
17:51:06 INFO  : XSDB server has started successfully.
17:51:09 INFO  : Processing command line option -hwspec /home/work/06_lcd7/vivado/ts_an071_linux.sdk/system_wrapper.hdf.
17:51:10 INFO  : Checking for hwspec changes in the project system_wrapper_hw_platform_1.
